<?xml version="1.0" encoding="UTF-8" standalone="no"?>
<testsuite failures="1" name="cucumber.runtime.formatter.JUnitFormatter" skipped="0" tests="6" time="61.981956">
    <testcase classname="To Validate the Login Functionality of adactin page" name="To Validate username and password" time="51.772853">
        <system-out><![CDATA[Given To launch Chorome Browser & hit the url...............................passed
When To Enter the username in username field................................passed
And To enter the Password in pswd field.....................................passed
And To Click The Login button in this page..................................passed
]]></system-out>
    </testcase>
    <testcase classname="To Validate the Login Functionality of adactin page" name="To validate Search hotel" time="4.053001">
        <system-out><![CDATA[When To Select the location.................................................passed
And To select the hotels....................................................passed
And To select the room type.................................................passed
And To select the number of rooms...........................................passed
And To select checkin Date..................................................passed
And To select the checkout date.............................................passed
And To select the adult per room............................................passed
And To click the Search button..............................................passed
]]></system-out>
    </testcase>
    <testcase classname="To Validate the Login Functionality of adactin page" name="To select the valid hotel" time="2.31806">
        <system-out><![CDATA[When To select the radio button for select..................................passed
And To click the Continue button............................................passed
]]></system-out>
    </testcase>
    <testcase classname="To Validate the Login Functionality of adactin page" name="To book a valid hotel" time="3.204848">
        <system-out><![CDATA[When To enter the first name................................................passed
And To enter the last name..................................................passed
And To enter the biling address.............................................passed
And To enter credit card number.............................................passed
And To select Credit card type..............................................passed
And To select expiry date month and year....................................passed
And To enter ccv number.....................................................passed
And To click the book now button............................................passed
]]></system-out>
    </testcase>
    <testcase classname="To Validate the Login Functionality of adactin page" name="To confirm the booking" time="0.114002">
        <failure message="org.openqa.selenium.NoSuchElementException: no such element: Unable to locate element: {&quot;method&quot;:&quot;xpath&quot;,&quot;selector&quot;:&quot;//input[@value='My Itinerary']&quot;}&#10;  (Session info: chrome=129.0.6668.90)&#10;For documentation on this error, please visit: https://www.selenium.dev/documentation/webdriver/troubleshooting/errors#no-such-element-exception&#10;Build info: version: '4.24.0', revision: '748ffc9bc3'&#10;System info: os.name: 'Windows 10', os.arch: 'amd64', os.version: '10.0', java.version: '21.0.3'&#10;Driver info: org.openqa.selenium.chrome.ChromeDriver&#10;Command: [5d61a55eb454f23c7efc3fa4f18c78fe, findElement {using=xpath, value=//input[@value='My Itinerary']}]&#10;Capabilities {acceptInsecureCerts: false, browserName: chrome, browserVersion: 129.0.6668.90, chrome: {chromedriverVersion: 129.0.6668.91 (b00bc8b76d60..., userDataDir: C:\Users\Admin\AppData\Loca...}, fedcm:accounts: true, goog:chromeOptions: {debuggerAddress: localhost:53972}, networkConnectionEnabled: false, pageLoadStrategy: normal, platformName: windows, proxy: Proxy(), se:cdp: ws://localhost:53972/devtoo..., se:cdpVersion: 129.0.6668.90, setWindowRect: true, strictFileInteractability: false, timeouts: {implicit: 0, pageLoad: 300000, script: 30000}, unhandledPromptBehavior: dismiss and notify, webauthn:extension:credBlob: true, webauthn:extension:largeBlob: true, webauthn:extension:minPinLength: true, webauthn:extension:prf: true, webauthn:virtualAuthenticators: true}&#10;Session ID: 5d61a55eb454f23c7efc3fa4f18c78fe&#13;&#10;&#9;at java.base/jdk.internal.reflect.DirectConstructorHandleAccessor.newInstance(DirectConstructorHandleAccessor.java:62)&#13;&#10;&#9;at java.base/java.lang.reflect.Constructor.newInstanceWithCaller(Constructor.java:502)&#13;&#10;&#9;at java.base/java.lang.reflect.Constructor.newInstance(Constructor.java:486)&#13;&#10;&#9;at org.openqa.selenium.remote.ErrorCodec.decode(ErrorCodec.java:167)&#13;&#10;&#9;at org.openqa.selenium.remote.codec.w3c.W3CHttpResponseCodec.decode(W3CHttpResponseCodec.java:138)&#13;&#10;&#9;at org.openqa.selenium.remote.codec.w3c.W3CHttpResponseCodec.decode(W3CHttpResponseCodec.java:50)&#13;&#10;&#9;at org.openqa.selenium.remote.HttpCommandExecutor.execute(HttpCommandExecutor.java:190)&#13;&#10;&#9;at org.openqa.selenium.remote.service.DriverCommandExecutor.invokeExecute(DriverCommandExecutor.java:216)&#13;&#10;&#9;at org.openqa.selenium.remote.service.DriverCommandExecutor.execute(DriverCommandExecutor.java:174)&#13;&#10;&#9;at org.openqa.selenium.remote.RemoteWebDriver.execute(RemoteWebDriver.java:545)&#13;&#10;&#9;at org.openqa.selenium.remote.ElementLocation$ElementFinder$2.findElement(ElementLocation.java:165)&#13;&#10;&#9;at org.openqa.selenium.remote.ElementLocation.findElement(ElementLocation.java:59)&#13;&#10;&#9;at org.openqa.selenium.remote.RemoteWebDriver.findElement(RemoteWebDriver.java:368)&#13;&#10;&#9;at org.openqa.selenium.remote.RemoteWebDriver.findElement(RemoteWebDriver.java:362)&#13;&#10;&#9;at org.openqa.selenium.support.pagefactory.DefaultElementLocator.findElement(DefaultElementLocator.java:68)&#13;&#10;&#9;at org.openqa.selenium.support.pagefactory.internal.LocatingElementHandler.invoke(LocatingElementHandler.java:38)&#13;&#10;&#9;at jdk.proxy2/jdk.proxy2.$Proxy18.click(Unknown Source)&#13;&#10;&#9;at org.helper.Helper.btnClick(Helper.java:66)&#13;&#10;&#9;at org.stepDefinition.HotelDefin.to_click_the_my_iteranary_button(HotelDefin.java:199)&#13;&#10;&#9;at ✽.To click the my iteranary button(src/test/resources/Feature/adactinHotel.feature:64)&#13;&#10;"><![CDATA[When To click the my iteranary button.......................................failed

StackTrace:
org.openqa.selenium.NoSuchElementException: no such element: Unable to locate element: {"method":"xpath","selector":"//input[@value='My Itinerary']"}
  (Session info: chrome=129.0.6668.90)
For documentation on this error, please visit: https://www.selenium.dev/documentation/webdriver/troubleshooting/errors#no-such-element-exception
Build info: version: '4.24.0', revision: '748ffc9bc3'
System info: os.name: 'Windows 10', os.arch: 'amd64', os.version: '10.0', java.version: '21.0.3'
Driver info: org.openqa.selenium.chrome.ChromeDriver
Command: [5d61a55eb454f23c7efc3fa4f18c78fe, findElement {using=xpath, value=//input[@value='My Itinerary']}]
Capabilities {acceptInsecureCerts: false, browserName: chrome, browserVersion: 129.0.6668.90, chrome: {chromedriverVersion: 129.0.6668.91 (b00bc8b76d60..., userDataDir: C:\Users\Admin\AppData\Loca...}, fedcm:accounts: true, goog:chromeOptions: {debuggerAddress: localhost:53972}, networkConnectionEnabled: false, pageLoadStrategy: normal, platformName: windows, proxy: Proxy(), se:cdp: ws://localhost:53972/devtoo..., se:cdpVersion: 129.0.6668.90, setWindowRect: true, strictFileInteractability: false, timeouts: {implicit: 0, pageLoad: 300000, script: 30000}, unhandledPromptBehavior: dismiss and notify, webauthn:extension:credBlob: true, webauthn:extension:largeBlob: true, webauthn:extension:minPinLength: true, webauthn:extension:prf: true, webauthn:virtualAuthenticators: true}
Session ID: 5d61a55eb454f23c7efc3fa4f18c78fe
	at java.base/jdk.internal.reflect.DirectConstructorHandleAccessor.newInstance(DirectConstructorHandleAccessor.java:62)
	at java.base/java.lang.reflect.Constructor.newInstanceWithCaller(Constructor.java:502)
	at java.base/java.lang.reflect.Constructor.newInstance(Constructor.java:486)
	at org.openqa.selenium.remote.ErrorCodec.decode(ErrorCodec.java:167)
	at org.openqa.selenium.remote.codec.w3c.W3CHttpResponseCodec.decode(W3CHttpResponseCodec.java:138)
	at org.openqa.selenium.remote.codec.w3c.W3CHttpResponseCodec.decode(W3CHttpResponseCodec.java:50)
	at org.openqa.selenium.remote.HttpCommandExecutor.execute(HttpCommandExecutor.java:190)
	at org.openqa.selenium.remote.service.DriverCommandExecutor.invokeExecute(DriverCommandExecutor.java:216)
	at org.openqa.selenium.remote.service.DriverCommandExecutor.execute(DriverCommandExecutor.java:174)
	at org.openqa.selenium.remote.RemoteWebDriver.execute(RemoteWebDriver.java:545)
	at org.openqa.selenium.remote.ElementLocation$ElementFinder$2.findElement(ElementLocation.java:165)
	at org.openqa.selenium.remote.ElementLocation.findElement(ElementLocation.java:59)
	at org.openqa.selenium.remote.RemoteWebDriver.findElement(RemoteWebDriver.java:368)
	at org.openqa.selenium.remote.RemoteWebDriver.findElement(RemoteWebDriver.java:362)
	at org.openqa.selenium.support.pagefactory.DefaultElementLocator.findElement(DefaultElementLocator.java:68)
	at org.openqa.selenium.support.pagefactory.internal.LocatingElementHandler.invoke(LocatingElementHandler.java:38)
	at jdk.proxy2/jdk.proxy2.$Proxy18.click(Unknown Source)
	at org.helper.Helper.btnClick(Helper.java:66)
	at org.stepDefinition.HotelDefin.to_click_the_my_iteranary_button(HotelDefin.java:199)
	at ✽.To click the my iteranary button(src/test/resources/Feature/adactinHotel.feature:64)
]]></failure>
    </testcase>
    <testcase classname="To Validate the Login Functionality of adactin page" name="To select one ordered hotel cancel" time="0.519192">
        <system-out><![CDATA[When To select the one cancelled oreder.....................................passed
And To click the cancel.....................................................passed
And To click Logout button..................................................passed
Then To close The Browser...................................................passed
]]></system-out>
    </testcase>
</testsuite>
